Build started 4/23/2017 12:21:49 PM.
     1>Project "c:\Users\Andreea\documents\visual studio 2010\Projects\quickSort\quickSort\quickSort.vcxproj" on node 2 (build target(s)).
     1>InitializeBuildStatus:
         Touching "Debug\quickSort.unsuccessfulbuild".
       AddCudaCompileDeps:
         C:\Program Files (x86)\Microsoft Visual Studio 10.0\VC\bin\cl.exe /E /nologo /showIncludes /TP /D__CUDACC__ /DWIN32 /D_DEBUG /D_CONSOLE /D_MBCS /I"C:\Program Files\NVIDIA GPU Computing Toolkit\CUDA\v8.0\include" /I"C:\Program Files\NVIDIA GPU Computing Toolkit\CUDA\v8.0\bin" /I"C:\Program Files\NVIDIA GPU Computing Toolkit\CUDA\v8.0\include" /I. /FIcuda_runtime.h /c "c:\Users\Andreea\documents\visual studio 2010\Projects\quickSort\quickSort\kernel.cu" 
       AddCudaCompilePropsDeps:
       Skipping target "AddCudaCompilePropsDeps" because all output files are up-to-date with respect to the input files.
     1>Project "c:\Users\Andreea\documents\visual studio 2010\Projects\quickSort\quickSort\quickSort.vcxproj" (1) is building "c:\Users\Andreea\documents\visual studio 2010\Projects\quickSort\quickSort\quickSort.vcxproj" (1:2) on node 2 (CudaBuildCore target(s)).
     1>CudaBuildCore:
         Compiling CUDA source file kernel.cu...
         cmd.exe /C "C:\Users\Andreea\AppData\Local\Temp\tmp79f53a0501ae45b991e2c7c6cdfe9e4b.cmd"
         "C:\Program Files\NVIDIA GPU Computing Toolkit\CUDA\v8.0\bin\nvcc.exe" -gencode=arch=compute_20,code=\"sm_20,compute_20\" --use-local-env --cl-version 2010 -ccbin "C:\Program Files (x86)\Microsoft Visual Studio 10.0\VC\bin"  -I"C:\Program Files\NVIDIA GPU Computing Toolkit\CUDA\v8.0\include" -I"C:\Program Files\NVIDIA GPU Computing Toolkit\CUDA\v8.0\include"  -G   --keep-dir Debug -maxrregcount=0  --machine 32 --compile -cudart static  -g   -DWIN32 -D_DEBUG -D_CONSOLE -D_MBCS -Xcompiler "/EHsc /W3 /nologo /Od  /Zi /RTC1 /MDd " -o Debug\kernel.cu.obj "c:\Users\Andreea\documents\visual studio 2010\Projects\quickSort\quickSort\kernel.cu"
         
         c:\Users\Andreea\documents\visual studio 2010\Projects\quickSort\quickSort>"C:\Program Files\NVIDIA GPU Computing Toolkit\CUDA\v8.0\bin\nvcc.exe" -gencode=arch=compute_20,code=\"sm_20,compute_20\" --use-local-env --cl-version 2010 -ccbin "C:\Program Files (x86)\Microsoft Visual Studio 10.0\VC\bin"  -I"C:\Program Files\NVIDIA GPU Computing Toolkit\CUDA\v8.0\include" -I"C:\Program Files\NVIDIA GPU Computing Toolkit\CUDA\v8.0\include"  -G   --keep-dir Debug -maxrregcount=0  --machine 32 --compile -cudart static  -g   -DWIN32 -D_DEBUG -D_CONSOLE -D_MBCS -Xcompiler "/EHsc /W3 /nologo /Od  /Zi /RTC1 /MDd " -o Debug\kernel.cu.obj "c:\Users\Andreea\documents\visual studio 2010\Projects\quickSort\quickSort\kernel.cu" 
     1>c:/Users/Andreea/documents/visual studio 2010/Projects/quickSort/quickSort/kernel.cu(40): warning : specifiers after comma between declarations are nonstandard
         
     1>c:/Users/Andreea/documents/visual studio 2010/Projects/quickSort/quickSort/kernel.cu(62): error : calling a __global__ function("quickSort") from a __global__ function("quickSort") is only allowed on the compute_35 architecture or above
         
     1>c:/Users/Andreea/documents/visual studio 2010/Projects/quickSort/quickSort/kernel.cu(62): error : a __global__ function call must be configured
         
     1>c:/Users/Andreea/documents/visual studio 2010/Projects/quickSort/quickSort/kernel.cu(64): error : calling a __global__ function("quickSort") from a __global__ function("quickSort") is only allowed on the compute_35 architecture or above
         
     1>c:/Users/Andreea/documents/visual studio 2010/Projects/quickSort/quickSort/kernel.cu(64): error : a __global__ function call must be configured
         
         4 errors detected in the compilation of "C:/Users/Andreea/AppData/Local/Temp/tmpxft_000015b4_00000000-5_kernel.cpp1.ii".
     1>CUDACOMPILE : nvcc warning : The 'compute_20', 'sm_20', and 'sm_21' architectures are deprecated, and may be removed in a future release (Use -Wno-deprecated-gpu-targets to suppress warning).
     1>CUDACOMPILE : nvcc warning : nvcc support for Microsoft Visual Studio 2010 and earlier has been deprecated and is no longer being maintained
         kernel.cu
     1>C:\Program Files (x86)\MSBuild\Microsoft.Cpp\v4.0\BuildCustomizations\CUDA 8.0.targets(689,9): error MSB3721: The command ""C:\Program Files\NVIDIA GPU Computing Toolkit\CUDA\v8.0\bin\nvcc.exe" -gencode=arch=compute_20,code=\"sm_20,compute_20\" --use-local-env --cl-version 2010 -ccbin "C:\Program Files (x86)\Microsoft Visual Studio 10.0\VC\bin"  -I"C:\Program Files\NVIDIA GPU Computing Toolkit\CUDA\v8.0\include" -I"C:\Program Files\NVIDIA GPU Computing Toolkit\CUDA\v8.0\include"  -G   --keep-dir Debug -maxrregcount=0  --machine 32 --compile -cudart static  -g   -DWIN32 -D_DEBUG -D_CONSOLE -D_MBCS -Xcompiler "/EHsc /W3 /nologo /Od  /Zi /RTC1 /MDd " -o Debug\kernel.cu.obj "c:\Users\Andreea\documents\visual studio 2010\Projects\quickSort\quickSort\kernel.cu"" exited with code 2.
     1>Done Building Project "c:\Users\Andreea\documents\visual studio 2010\Projects\quickSort\quickSort\quickSort.vcxproj" (CudaBuildCore target(s)) -- FAILED.
     1>Done Building Project "c:\Users\Andreea\documents\visual studio 2010\Projects\quickSort\quickSort\quickSort.vcxproj" (build target(s)) -- FAILED.

Build FAILED.

Time Elapsed 00:00:01.33
